================================================================================
Leg 12, Granule 2: No images found for 96 ACQ IDs
Granule time range: 2024-09-06 21:51:13 to 2024-09-06 21:56:13
Missing CFC capture IDs (from ACQ IDs):
1719371048093,1719371051238,1719371054382,1719371057547,1719371060645,1719371063777,1719371066915,1719371070062,1719371073176,1719371076260,1719371079339,1719371082456,1719371085575,1719371088701,1719371091830,1719371094952,1719371098070,1719371101217,1719371104322,1719371107444,1719371110553,1719371113767,1719371116889,1719371119995,1719371123098,1719371126197,1719371129322,1719371132454,1719371135601,1719371138703,1719371141806,1719371145016,1719371148093,1719371151198,1719371154290,1719371157607,1719371160679,1719371163789,1719371166886,1719371169968,1719371173053,1719371176270,1719371179355,1719371182465,1719371185622,1719371188738,1719371191862,1719371194995,1719371198154,1719371201290,1719371204452,1719371207545,1719371210696,1719371213817,1719371216911,1719371220012,1719371223163,1719371226289,1719371229398,1719371232491,1719371235660,1719371238778,1719371241879,1719371245024,1719371248125,1719371251272,1719371254397,1719371257500,1719371260599,1719371263950,1719371267033,1719371270154,1719371273288,1719371276383,1719371279461,1719371282604,1719371285744,1719371288852,1719371291972,1719371295097,1719371298209,1719371301356,1719371304473,1719371307589,1719371310751,1719371313897,1719371317051,1719371320182,1719371323313,1719371326405,1719371329536,1719371332639,1719371335769,1719371338885,1719371341979,1719371345102
================================================================================

================================================================================
Leg 12, Granule 3: No images found for 97 ACQ IDs
Granule time range: 2024-09-06 21:56:13 to 2024-09-06 22:01:13
Missing CFC capture IDs (from ACQ IDs):
1719371345102,1719371348233,1719371351324,1719371354412,1719371357506,1719371360597,1719371363720,1719371367072,1719371370197,1719371373270,1719371376369,1719371379458,1719371382553,1719371385661,1719371388745,1719371391848,1719371394950,1719371398090,1719371401184,1719371404277,1719371407361,1719371410473,1719371413595,1719371416724,1719371419836,1719371422949,1719371426093,1719371429217,1719371432338,1719371435479,1719371438613,1719371441744,1719371444873,1719371448038,1719371451136,1719371454214,1719371457315,1719371460431,1719371463556,1719371466674,1719371469938,1719371473117,1719371476198,1719371479297,1719371482398,1719371485477,1719371488569,1719371491674,1719371494785,1719371497962,1719371501069,1719371504153,1719371507270,1719371510389,1719371513500,1719371516633,1719371519732,1719371522934,1719371526043,1719371529159,1719371532273,1719371535422,1719371538557,1719371541657,1719371544814,1719371547949,1719371551092,1719371554458,1719371557545,1719371560649,1719371563748,1719371566906,1719371570041,1719371573204,1719371576521,1719371579622,1719371582755,1719371585877,1719371589039,1719371592170,1719371595271,1719371598446,1719371601584,1719371604721,1719371607855,1719371611006,1719371614156,1719371617324,1719371620431,1719371623534,1719371626698,1719371629802,1719371632904,1719371636012,1719371639112,1719371642257,1719371645401
================================================================================

================================================================================
Leg 12, Granule 4: No images found for 96 ACQ IDs
Granule time range: 2024-09-06 22:01:13 to 2024-09-06 22:06:13
Missing CFC capture IDs (from ACQ IDs):
1719371645401,1719371648565,1719371651704,1719371654842,1719371658181,1719371661302,1719371664426,1719371667549,1719371670694,1719371673845,1719371677016,1719371680321,1719371683433,1719371686554,1719371689700,1719371692817,1719371695938,1719371699088,1719371702512,1719371705650,1719371708809,1719371711917,1719371715022,1719371718155,1719371721286,1719371724392,1719371727507,1719371730640,1719371733780,1719371736919,1719371740018,1719371743137,1719371746291,1719371749416,1719371752516,1719371755643,1719371758805,1719371761916,1719371765063,1719371768188,1719371771354,1719371774490,1719371777630,1719371780753,1719371784163,1719371787306,1719371790438,1719371793556,1719371796686,1719371799828,1719371802986,1719371806125,1719371809274,1719371812424,1719371815600,1719371818724,1719371821857,1719371825066,1719371828193,1719371831318,1719371834451,1719371837619,1719371840761,1719371843894,1719371847105,1719371850246,1719371853393,1719371856549,1719371859770,1719371862877,1719371865985,1719371869145,1719371872269,1719371875420,1719371878590,1719371881767,1719371884896,1719371888267,1719371891360,1719371894444,1719371897545,1719371900690,1719371903808,1719371906955,1719371910100,1719371913244,1719371916406,1719371919718,1719371922843,1719371926010,1719371929154,1719371932283,1719371935418,1719371938547,1719371941689,1719371944849
================================================================================

================================================================================
Leg 12, Granule 5: No images found for 95 ACQ IDs
Granule time range: 2024-09-06 22:06:13 to 2024-09-06 22:11:13
Missing CFC capture IDs (from ACQ IDs):
1719371947985,1719371951129,1719371954292,1719371957437,1719371960600,1719371963698,1719371966803,1719371969958,1719371973110,1719371976259,1719371979413,1719371982533,1719371985695,1719371988830,1719371991985,1719371995339,1719371998497,1719372001635,1719372004798,1719372007934,1719372011097,1719372014236,1719372017416,1719372020549,1719372023681,1719372026843,1719372030094,1719372033233,1719372036374,1719372039500,1719372042625,1719372045783,1719372048947,1719372052081,1719372055245,1719372058349,1719372061458,1719372064625,1719372067777,1719372070889,1719372073980,1719372077110,1719372080238,1719372083390,1719372086557,1719372089696,1719372092850,1719372096003,1719372099319,1719372102412,1719372105545,1719372108682,1719372111796,1719372114896,1719372118118,1719372121267,1719372124440,1719372127550,1719372130708,1719372133865,1719372136993,1719372140158,1719372143316,1719372146463,1719372149590,1719372152730,1719372155895,1719372159002,1719372162156,1719372165292,1719372168429,1719372171554,1719372174729,1719372177867,1719372180982,1719372184090,1719372187273,1719372190382,1719372193569,1719372196698,1719372199845,1719372203265,1719372206396,1719372209549,1719372212673,1719372215809,1719372218948,1719372222065,1719372225175,1719372228365,1719372231506,1719372234644,1719372237756,1719372240894,1719372244025
================================================================================

================================================================================
Leg 12, Granule 6: No images found for 5 ACQ IDs
Granule time range: 2024-09-06 22:11:13 to 2024-09-06 22:11:33
Missing CFC capture IDs (from ACQ IDs):
1719372247148,1719372250294,1719372253431,1719372256545,1719372259686
================================================================================

================================================================================
Leg 13, Granule 1: No images found for 95 ACQ IDs
Granule time range: 2024-09-06 22:15:53 to 2024-09-06 22:20:53
Missing CFC capture IDs (from ACQ IDs):
1719372525567,1719372528730,1719372531914,1719372535109,1719372538309,1719372541488,1719372544642,1719372547966,1719372551130,1719372554307,1719372557465,1719372560640,1719372563926,1719372567282,1719372570514,1719372573642,1719372576815,1719372579982,1719372583202,1719372586396,1719372589576,1719372592731,1719372595977,1719372599133,1719372602342,1719372605533,1719372608684,1719372611872,1719372615000,1719372618176,1719372621358,1719372624531,1719372627693,1719372630868,1719372634021,1719372637168,1719372640349,1719372643505,1719372646633,1719372649820,1719372653297,1719372656480,1719372659628,1719372662817,1719372665993,1719372669176,1719372672348,1719372675554,1719372678738,1719372681846,1719372685036,1719372688251,1719372691440,1719372694671,1719372697846,1719372701041,1719372704247,1719372707448,1719372710645,1719372713854,1719372717058,1719372720259,1719372723469,1719372726673,1719372729887,1719372733072,1719372736281,1719372739495,1719372742651,1719372745818,1719372748995,1719372752161,1719372755595,1719372758784,1719372761990,1719372765207,1719372768387,1719372771582,1719372774769,1719372777954,1719372781144,1719372784345,1719372787578,1719372790769,1719372793931,1719372797139,1719372800353,1719372803556,1719372806746,1719372809931,1719372813144,1719372816355,1719372819569,1719372822765,1719372825971
================================================================================

================================================================================
Leg 13, Granule 2: No images found for 95 ACQ IDs
Granule time range: 2024-09-06 22:20:53 to 2024-09-06 22:25:53
Missing CFC capture IDs (from ACQ IDs):
1719372825971,1719372829174,1719372832353,1719372835492,1719372838796,1719372841952,1719372845146,1719372848305,1719372851446,1719372854584,1719372857736,1719372861067,1719372864235,1719372867369,1719372870513,1719372873670,1719372876826,1719372880022,1719372883166,1719372886342,1719372889465,1719372892711,1719372895874,1719372899038,1719372902179,1719372905332,1719372908461,1719372911614,1719372914758,1719372917914,1719372921085,1719372924199,1719372927380,1719372930546,1719372933690,1719372936860,1719372940042,1719372943194,1719372946364,1719372949602,1719372952762,1719372955923,1719372959021,1719372962134,1719372965492,1719372968658,1719372971800,1719372974965,1719372978356,1719372981513,1719372984653,1719372987818,1719372990979,1719372994120,1719372997271,1719373000383,1719373003576,1719373006697,1719373009863,1719373012992,1719373016149,1719373019306,1719373022442,1719373025571,1719373028735,1719373031894,1719373035059,1719373038222,1719373041388,1719373044507,1719373047680,1719373050800,1719373053959,1719373057117,1719373060261,1719373063390,1719373066780,1719373069909,1719373073039,1719373076165,1719373079315,1719373082452,1719373085595,1719373088739,1719373091949,1719373095065,1719373098200,1719373101314,1719373104463,1719373107632,1719373110794,1719373113910,1719373117065,1719373120327,1719373123477
================================================================================

================================================================================
Leg 13, Granule 3: No images found for 23 ACQ IDs
Granule time range: 2024-09-06 22:25:53 to 2024-09-06 22:27:10
Missing CFC capture IDs (from ACQ IDs):
1719373126646,1719373129773,1719373132884,1719373136017,1719373139158,1719373142298,1719373145437,1719373148598,1719373151758,1719373154897,1719373158031,1719373161165,1719373164545,1719373167680,1719373170840,1719373174018,1719373177147,1719373180301,1719373183434,1719373186598,1719373189748,1719373192900,1719373196033
================================================================================

================================================================================
Leg 14, Granule 1: No images found for 94 ACQ IDs
Granule time range: 2024-09-06 22:30:52 to 2024-09-06 22:35:52
Missing CFC capture IDs (from ACQ IDs):
1719373425226,1719373428433,1719373431677,1719373434859,1719373438014,1719373441188,1719373444394,1719373447573,1719373450749,1719373453941,1719373457181,1719373460338,1719373463585,1719373466755,1719373470216,1719373473425,1719373476618,1719373479803,1719373482983,1719373486161,1719373489341,1719373492546,1719373495747,1719373498930,1719373502121,1719373505281,1719373508516,1719373511691,1719373514880,1719373518086,1719373521301,1719373524483,1719373527654,1719373530915,1719373534106,1719373537286,1719373540489,1719373543669,1719373546822,1719373549979,1719373553207,1719373556374,1719373559565,1719373562756,1719373566144,1719373569317,1719373572575,1719373575766,1719373578958,1719373582218,1719373585412,1719373588637,1719373591830,1719373595027,1719373598246,1719373601445,1719373604613,1719373607768,1719373610995,1719373614209,1719373617399,1719373620585,1719373623803,1719373626998,1719373630168,1719373633389,1719373636602,1719373639787,1719373642981,1719373646173,1719373649431,1719373652593,1719373655810,1719373659196,1719373662347,1719373665547,1719373668706,1719373671929,1719373675164,1719373678382,1719373681596,1719373684812,1719373688003,1719373691140,1719373694281,1719373697448,1719373700609,1719373703745,1719373706888,1719373710061,1719373713238,1719373716402,1719373719530,1719373722681
================================================================================

================================================================================
Leg 14, Granule 2: No images found for 44 ACQ IDs
Granule time range: 2024-09-06 22:35:52 to 2024-09-06 22:38:15
Missing CFC capture IDs (from ACQ IDs):
1719373725823,1719373728963,1719373732152,1719373735313,1719373738474,1719373741622,1719373744766,1719373748162,1719373751317,1719373754493,1719373757650,1719373760782,1719373763921,1719373767091,1719373770219,1719373773404,1719373776570,1719373779738,1719373782880,1719373786050,1719373789242,1719373792387,1719373795543,1719373798665,1719373801834,1719373804972,1719373808135,1719373811329,1719373814473,1719373817635,1719373820794,1719373823965,1719373827085,1719373830266,1719373833601,1719373836759,1719373839913,1719373843097,1719373846282,1719373849434,1719373852552,1719373855730,1719373858864,1719373862018
================================================================================

================================================================================
Leg 12, Granule 2: No images found for 96 ACQ IDs

Granule time range: 2024-09-06 21:51:13 to 2024-09-06 21:56:13
Missing CFC capture IDs (from ACQ IDs):
1719371048093,1719371051238,1719371054382,1719371057547,1719371060645,1719371063777,1719371066915,1719371070062,1719371073176,1719371076260,1719371079339,1719371082456,1719371085575,1719371088701,1719371091830,1719371094952,1719371098070,1719371101217,1719371104322,1719371107444,1719371110553,1719371113767,1719371116889,1719371119995,1719371123098,1719371126197,1719371129322,1719371132454,1719371135601,1719371138703,1719371141806,1719371145016,1719371148093,1719371151198,1719371154290,1719371157607,1719371160679,1719371163789,1719371166886,1719371169968,1719371173053,1719371176270,1719371179355,1719371182465,1719371185622,1719371188738,1719371191862,1719371194995,1719371198154,1719371201290,1719371204452,1719371207545,1719371210696,1719371213817,1719371216911,1719371220012,1719371223163,1719371226289,1719371229398,1719371232491,1719371235660,1719371238778,1719371241879,1719371245024,1719371248125,1719371251272,1719371254397,1719371257500,1719371260599,1719371263950,1719371267033,1719371270154,1719371273288,1719371276383,1719371279461,1719371282604,1719371285744,1719371288852,1719371291972,1719371295097,1719371298209,1719371301356,1719371304473,1719371307589,1719371310751,1719371313897,1719371317051,1719371320182,1719371323313,1719371326405,1719371329536,1719371332639,1719371335769,1719371338885,1719371341979,1719371345102
================================================================================

================================================================================
Leg 12, Granule 3: No images found for 97 ACQ IDs

Granule time range: 2024-09-06 21:56:13 to 2024-09-06 22:01:13
Missing CFC capture IDs (from ACQ IDs):
1719371345102,1719371348233,1719371351324,1719371354412,1719371357506,1719371360597,1719371363720,1719371367072,1719371370197,1719371373270,1719371376369,1719371379458,1719371382553,1719371385661,1719371388745,1719371391848,1719371394950,1719371398090,1719371401184,1719371404277,1719371407361,1719371410473,1719371413595,1719371416724,1719371419836,1719371422949,1719371426093,1719371429217,1719371432338,1719371435479,1719371438613,1719371441744,1719371444873,1719371448038,1719371451136,1719371454214,1719371457315,1719371460431,1719371463556,1719371466674,1719371469938,1719371473117,1719371476198,1719371479297,1719371482398,1719371485477,1719371488569,1719371491674,1719371494785,1719371497962,1719371501069,1719371504153,1719371507270,1719371510389,1719371513500,1719371516633,1719371519732,1719371522934,1719371526043,1719371529159,1719371532273,1719371535422,1719371538557,1719371541657,1719371544814,1719371547949,1719371551092,1719371554458,1719371557545,1719371560649,1719371563748,1719371566906,1719371570041,1719371573204,1719371576521,1719371579622,1719371582755,1719371585877,1719371589039,1719371592170,1719371595271,1719371598446,1719371601584,1719371604721,1719371607855,1719371611006,1719371614156,1719371617324,1719371620431,1719371623534,1719371626698,1719371629802,1719371632904,1719371636012,1719371639112,1719371642257,1719371645401
================================================================================

================================================================================
Leg 12, Granule 4: No images found for 96 ACQ IDs

Granule time range: 2024-09-06 22:01:13 to 2024-09-06 22:06:13
Missing CFC capture IDs (from ACQ IDs):
1719371645401,1719371648565,1719371651704,1719371654842,1719371658181,1719371661302,1719371664426,1719371667549,1719371670694,1719371673845,1719371677016,1719371680321,1719371683433,1719371686554,1719371689700,1719371692817,1719371695938,1719371699088,1719371702512,1719371705650,1719371708809,1719371711917,1719371715022,1719371718155,1719371721286,1719371724392,1719371727507,1719371730640,1719371733780,1719371736919,1719371740018,1719371743137,1719371746291,1719371749416,1719371752516,1719371755643,1719371758805,1719371761916,1719371765063,1719371768188,1719371771354,1719371774490,1719371777630,1719371780753,1719371784163,1719371787306,1719371790438,1719371793556,1719371796686,1719371799828,1719371802986,1719371806125,1719371809274,1719371812424,1719371815600,1719371818724,1719371821857,1719371825066,1719371828193,1719371831318,1719371834451,1719371837619,1719371840761,1719371843894,1719371847105,1719371850246,1719371853393,1719371856549,1719371859770,1719371862877,1719371865985,1719371869145,1719371872269,1719371875420,1719371878590,1719371881767,1719371884896,1719371888267,1719371891360,1719371894444,1719371897545,1719371900690,1719371903808,1719371906955,1719371910100,1719371913244,1719371916406,1719371919718,1719371922843,1719371926010,1719371929154,1719371932283,1719371935418,1719371938547,1719371941689,1719371944849
================================================================================

================================================================================
Leg 12, Granule 5: No images found for 95 ACQ IDs

Granule time range: 2024-09-06 22:06:13 to 2024-09-06 22:11:13
Missing CFC capture IDs (from ACQ IDs):
1719371947985,1719371951129,1719371954292,1719371957437,1719371960600,1719371963698,1719371966803,1719371969958,1719371973110,1719371976259,1719371979413,1719371982533,1719371985695,1719371988830,1719371991985,1719371995339,1719371998497,1719372001635,1719372004798,1719372007934,1719372011097,1719372014236,1719372017416,1719372020549,1719372023681,1719372026843,1719372030094,1719372033233,1719372036374,1719372039500,1719372042625,1719372045783,1719372048947,1719372052081,1719372055245,1719372058349,1719372061458,1719372064625,1719372067777,1719372070889,1719372073980,1719372077110,1719372080238,1719372083390,1719372086557,1719372089696,1719372092850,1719372096003,1719372099319,1719372102412,1719372105545,1719372108682,1719372111796,1719372114896,1719372118118,1719372121267,1719372124440,1719372127550,1719372130708,1719372133865,1719372136993,1719372140158,1719372143316,1719372146463,1719372149590,1719372152730,1719372155895,1719372159002,1719372162156,1719372165292,1719372168429,1719372171554,1719372174729,1719372177867,1719372180982,1719372184090,1719372187273,1719372190382,1719372193569,1719372196698,1719372199845,1719372203265,1719372206396,1719372209549,1719372212673,1719372215809,1719372218948,1719372222065,1719372225175,1719372228365,1719372231506,1719372234644,1719372237756,1719372240894,1719372244025
================================================================================

================================================================================
Leg 12, Granule 6: No images found for 5 ACQ IDs

Granule time range: 2024-09-06 22:11:13 to 2024-09-06 22:11:33
Missing CFC capture IDs (from ACQ IDs):
1719372247148,1719372250294,1719372253431,1719372256545,1719372259686
================================================================================

================================================================================
Leg 13, Granule 1: No images found for 95 ACQ IDs

Granule time range: 2024-09-06 22:15:53 to 2024-09-06 22:20:53
Missing CFC capture IDs (from ACQ IDs):
1719372525567,1719372528730,1719372531914,1719372535109,1719372538309,1719372541488,1719372544642,1719372547966,1719372551130,1719372554307,1719372557465,1719372560640,1719372563926,1719372567282,1719372570514,1719372573642,1719372576815,1719372579982,1719372583202,1719372586396,1719372589576,1719372592731,1719372595977,1719372599133,1719372602342,1719372605533,1719372608684,1719372611872,1719372615000,1719372618176,1719372621358,1719372624531,1719372627693,1719372630868,1719372634021,1719372637168,1719372640349,1719372643505,1719372646633,1719372649820,1719372653297,1719372656480,1719372659628,1719372662817,1719372665993,1719372669176,1719372672348,1719372675554,1719372678738,1719372681846,1719372685036,1719372688251,1719372691440,1719372694671,1719372697846,1719372701041,1719372704247,1719372707448,1719372710645,1719372713854,1719372717058,1719372720259,1719372723469,1719372726673,1719372729887,1719372733072,1719372736281,1719372739495,1719372742651,1719372745818,1719372748995,1719372752161,1719372755595,1719372758784,1719372761990,1719372765207,1719372768387,1719372771582,1719372774769,1719372777954,1719372781144,1719372784345,1719372787578,1719372790769,1719372793931,1719372797139,1719372800353,1719372803556,1719372806746,1719372809931,1719372813144,1719372816355,1719372819569,1719372822765,1719372825971
================================================================================

================================================================================
Leg 13, Granule 2: No images found for 95 ACQ IDs

Granule time range: 2024-09-06 22:20:53 to 2024-09-06 22:25:53
Missing CFC capture IDs (from ACQ IDs):
1719372825971,1719372829174,1719372832353,1719372835492,1719372838796,1719372841952,1719372845146,1719372848305,1719372851446,1719372854584,1719372857736,1719372861067,1719372864235,1719372867369,1719372870513,1719372873670,1719372876826,1719372880022,1719372883166,1719372886342,1719372889465,1719372892711,1719372895874,1719372899038,1719372902179,1719372905332,1719372908461,1719372911614,1719372914758,1719372917914,1719372921085,1719372924199,1719372927380,1719372930546,1719372933690,1719372936860,1719372940042,1719372943194,1719372946364,1719372949602,1719372952762,1719372955923,1719372959021,1719372962134,1719372965492,1719372968658,1719372971800,1719372974965,1719372978356,1719372981513,1719372984653,1719372987818,1719372990979,1719372994120,1719372997271,1719373000383,1719373003576,1719373006697,1719373009863,1719373012992,1719373016149,1719373019306,1719373022442,1719373025571,1719373028735,1719373031894,1719373035059,1719373038222,1719373041388,1719373044507,1719373047680,1719373050800,1719373053959,1719373057117,1719373060261,1719373063390,1719373066780,1719373069909,1719373073039,1719373076165,1719373079315,1719373082452,1719373085595,1719373088739,1719373091949,1719373095065,1719373098200,1719373101314,1719373104463,1719373107632,1719373110794,1719373113910,1719373117065,1719373120327,1719373123477
================================================================================

================================================================================
Leg 13, Granule 3: No images found for 23 ACQ IDs

Granule time range: 2024-09-06 22:25:53 to 2024-09-06 22:27:10
Missing CFC capture IDs (from ACQ IDs):
1719373126646,1719373129773,1719373132884,1719373136017,1719373139158,1719373142298,1719373145437,1719373148598,1719373151758,1719373154897,1719373158031,1719373161165,1719373164545,1719373167680,1719373170840,1719373174018,1719373177147,1719373180301,1719373183434,1719373186598,1719373189748,1719373192900,1719373196033
================================================================================

================================================================================
Leg 14, Granule 1: No images found for 94 ACQ IDs

Granule time range: 2024-09-06 22:30:52 to 2024-09-06 22:35:52
Missing CFC capture IDs (from ACQ IDs):
1719373425226,1719373428433,1719373431677,1719373434859,1719373438014,1719373441188,1719373444394,1719373447573,1719373450749,1719373453941,1719373457181,1719373460338,1719373463585,1719373466755,1719373470216,1719373473425,1719373476618,1719373479803,1719373482983,1719373486161,1719373489341,1719373492546,1719373495747,1719373498930,1719373502121,1719373505281,1719373508516,1719373511691,1719373514880,1719373518086,1719373521301,1719373524483,1719373527654,1719373530915,1719373534106,1719373537286,1719373540489,1719373543669,1719373546822,1719373549979,1719373553207,1719373556374,1719373559565,1719373562756,1719373566144,1719373569317,1719373572575,1719373575766,1719373578958,1719373582218,1719373585412,1719373588637,1719373591830,1719373595027,1719373598246,1719373601445,1719373604613,1719373607768,1719373610995,1719373614209,1719373617399,1719373620585,1719373623803,1719373626998,1719373630168,1719373633389,1719373636602,1719373639787,1719373642981,1719373646173,1719373649431,1719373652593,1719373655810,1719373659196,1719373662347,1719373665547,1719373668706,1719373671929,1719373675164,1719373678382,1719373681596,1719373684812,1719373688003,1719373691140,1719373694281,1719373697448,1719373700609,1719373703745,1719373706888,1719373710061,1719373713238,1719373716402,1719373719530,1719373722681
================================================================================

================================================================================
Leg 14, Granule 2: No images found for 44 ACQ IDs

Granule time range: 2024-09-06 22:35:52 to 2024-09-06 22:38:15
Missing CFC capture IDs (from ACQ IDs):
1719373725823,1719373728963,1719373732152,1719373735313,1719373738474,1719373741622,1719373744766,1719373748162,1719373751317,1719373754493,1719373757650,1719373760782,1719373763921,1719373767091,1719373770219,1719373773404,1719373776570,1719373779738,1719373782880,1719373786050,1719373789242,1719373792387,1719373795543,1719373798665,1719373801834,1719373804972,1719373808135,1719373811329,1719373814473,1719373817635,1719373820794,1719373823965,1719373827085,1719373830266,1719373833601,1719373836759,1719373839913,1719373843097,1719373846282,1719373849434,1719373852552,1719373855730,1719373858864,1719373862018
================================================================================

================================================================================
Leg 12, Granule 2: No images found for 96 ACQ IDs
Granule time range: 2024-09-06 21:51:13 to 2024-09-06 21:56:13
Missing CFC capture IDs (from ACQ IDs):
1719371048093,1719371051238,1719371054382,1719371057547,1719371060645,1719371063777,1719371066915,1719371070062,1719371073176,1719371076260,1719371079339,1719371082456,1719371085575,1719371088701,1719371091830,1719371094952,1719371098070,1719371101217,1719371104322,1719371107444,1719371110553,1719371113767,1719371116889,1719371119995,1719371123098,1719371126197,1719371129322,1719371132454,1719371135601,1719371138703,1719371141806,1719371145016,1719371148093,1719371151198,1719371154290,1719371157607,1719371160679,1719371163789,1719371166886,1719371169968,1719371173053,1719371176270,1719371179355,1719371182465,1719371185622,1719371188738,1719371191862,1719371194995,1719371198154,1719371201290,1719371204452,1719371207545,1719371210696,1719371213817,1719371216911,1719371220012,1719371223163,1719371226289,1719371229398,1719371232491,1719371235660,1719371238778,1719371241879,1719371245024,1719371248125,1719371251272,1719371254397,1719371257500,1719371260599,1719371263950,1719371267033,1719371270154,1719371273288,1719371276383,1719371279461,1719371282604,1719371285744,1719371288852,1719371291972,1719371295097,1719371298209,1719371301356,1719371304473,1719371307589,1719371310751,1719371313897,1719371317051,1719371320182,1719371323313,1719371326405,1719371329536,1719371332639,1719371335769,1719371338885,1719371341979,1719371345102
================================================================================

================================================================================
Leg 12, Granule 3: No images found for 97 ACQ IDs
Granule time range: 2024-09-06 21:56:13 to 2024-09-06 22:01:13
Missing CFC capture IDs (from ACQ IDs):
1719371345102,1719371348233,1719371351324,1719371354412,1719371357506,1719371360597,1719371363720,1719371367072,1719371370197,1719371373270,1719371376369,1719371379458,1719371382553,1719371385661,1719371388745,1719371391848,1719371394950,1719371398090,1719371401184,1719371404277,1719371407361,1719371410473,1719371413595,1719371416724,1719371419836,1719371422949,1719371426093,1719371429217,1719371432338,1719371435479,1719371438613,1719371441744,1719371444873,1719371448038,1719371451136,1719371454214,1719371457315,1719371460431,1719371463556,1719371466674,1719371469938,1719371473117,1719371476198,1719371479297,1719371482398,1719371485477,1719371488569,1719371491674,1719371494785,1719371497962,1719371501069,1719371504153,1719371507270,1719371510389,1719371513500,1719371516633,1719371519732,1719371522934,1719371526043,1719371529159,1719371532273,1719371535422,1719371538557,1719371541657,1719371544814,1719371547949,1719371551092,1719371554458,1719371557545,1719371560649,1719371563748,1719371566906,1719371570041,1719371573204,1719371576521,1719371579622,1719371582755,1719371585877,1719371589039,1719371592170,1719371595271,1719371598446,1719371601584,1719371604721,1719371607855,1719371611006,1719371614156,1719371617324,1719371620431,1719371623534,1719371626698,1719371629802,1719371632904,1719371636012,1719371639112,1719371642257,1719371645401
================================================================================

================================================================================
Leg 12, Granule 4: No images found for 96 ACQ IDs
Granule time range: 2024-09-06 22:01:13 to 2024-09-06 22:06:13
Missing CFC capture IDs (from ACQ IDs):
1719371645401,1719371648565,1719371651704,1719371654842,1719371658181,1719371661302,1719371664426,1719371667549,1719371670694,1719371673845,1719371677016,1719371680321,1719371683433,1719371686554,1719371689700,1719371692817,1719371695938,1719371699088,1719371702512,1719371705650,1719371708809,1719371711917,1719371715022,1719371718155,1719371721286,1719371724392,1719371727507,1719371730640,1719371733780,1719371736919,1719371740018,1719371743137,1719371746291,1719371749416,1719371752516,1719371755643,1719371758805,1719371761916,1719371765063,1719371768188,1719371771354,1719371774490,1719371777630,1719371780753,1719371784163,1719371787306,1719371790438,1719371793556,1719371796686,1719371799828,1719371802986,1719371806125,1719371809274,1719371812424,1719371815600,1719371818724,1719371821857,1719371825066,1719371828193,1719371831318,1719371834451,1719371837619,1719371840761,1719371843894,1719371847105,1719371850246,1719371853393,1719371856549,1719371859770,1719371862877,1719371865985,1719371869145,1719371872269,1719371875420,1719371878590,1719371881767,1719371884896,1719371888267,1719371891360,1719371894444,1719371897545,1719371900690,1719371903808,1719371906955,1719371910100,1719371913244,1719371916406,1719371919718,1719371922843,1719371926010,1719371929154,1719371932283,1719371935418,1719371938547,1719371941689,1719371944849
================================================================================

================================================================================
Leg 12, Granule 5: No images found for 95 ACQ IDs
Granule time range: 2024-09-06 22:06:13 to 2024-09-06 22:11:13
Missing CFC capture IDs (from ACQ IDs):
1719371947985,1719371951129,1719371954292,1719371957437,1719371960600,1719371963698,1719371966803,1719371969958,1719371973110,1719371976259,1719371979413,1719371982533,1719371985695,1719371988830,1719371991985,1719371995339,1719371998497,1719372001635,1719372004798,1719372007934,1719372011097,1719372014236,1719372017416,1719372020549,1719372023681,1719372026843,1719372030094,1719372033233,1719372036374,1719372039500,1719372042625,1719372045783,1719372048947,1719372052081,1719372055245,1719372058349,1719372061458,1719372064625,1719372067777,1719372070889,1719372073980,1719372077110,1719372080238,1719372083390,1719372086557,1719372089696,1719372092850,1719372096003,1719372099319,1719372102412,1719372105545,1719372108682,1719372111796,1719372114896,1719372118118,1719372121267,1719372124440,1719372127550,1719372130708,1719372133865,1719372136993,1719372140158,1719372143316,1719372146463,1719372149590,1719372152730,1719372155895,1719372159002,1719372162156,1719372165292,1719372168429,1719372171554,1719372174729,1719372177867,1719372180982,1719372184090,1719372187273,1719372190382,1719372193569,1719372196698,1719372199845,1719372203265,1719372206396,1719372209549,1719372212673,1719372215809,1719372218948,1719372222065,1719372225175,1719372228365,1719372231506,1719372234644,1719372237756,1719372240894,1719372244025
================================================================================

================================================================================
Leg 12, Granule 6: No images found for 5 ACQ IDs
Granule time range: 2024-09-06 22:11:13 to 2024-09-06 22:11:33
Missing CFC capture IDs (from ACQ IDs):
1719372247148,1719372250294,1719372253431,1719372256545,1719372259686
================================================================================

================================================================================
Leg 13, Granule 1: No images found for 95 ACQ IDs
Granule time range: 2024-09-06 22:15:53 to 2024-09-06 22:20:53
Missing CFC capture IDs (from ACQ IDs):
1719372525567,1719372528730,1719372531914,1719372535109,1719372538309,1719372541488,1719372544642,1719372547966,1719372551130,1719372554307,1719372557465,1719372560640,1719372563926,1719372567282,1719372570514,1719372573642,1719372576815,1719372579982,1719372583202,1719372586396,1719372589576,1719372592731,1719372595977,1719372599133,1719372602342,1719372605533,1719372608684,1719372611872,1719372615000,1719372618176,1719372621358,1719372624531,1719372627693,1719372630868,1719372634021,1719372637168,1719372640349,1719372643505,1719372646633,1719372649820,1719372653297,1719372656480,1719372659628,1719372662817,1719372665993,1719372669176,1719372672348,1719372675554,1719372678738,1719372681846,1719372685036,1719372688251,1719372691440,1719372694671,1719372697846,1719372701041,1719372704247,1719372707448,1719372710645,1719372713854,1719372717058,1719372720259,1719372723469,1719372726673,1719372729887,1719372733072,1719372736281,1719372739495,1719372742651,1719372745818,1719372748995,1719372752161,1719372755595,1719372758784,1719372761990,1719372765207,1719372768387,1719372771582,1719372774769,1719372777954,1719372781144,1719372784345,1719372787578,1719372790769,1719372793931,1719372797139,1719372800353,1719372803556,1719372806746,1719372809931,1719372813144,1719372816355,1719372819569,1719372822765,1719372825971
================================================================================

================================================================================
Leg 13, Granule 2: No images found for 95 ACQ IDs
Granule time range: 2024-09-06 22:20:53 to 2024-09-06 22:25:53
Missing CFC capture IDs (from ACQ IDs):
1719372825971,1719372829174,1719372832353,1719372835492,1719372838796,1719372841952,1719372845146,1719372848305,1719372851446,1719372854584,1719372857736,1719372861067,1719372864235,1719372867369,1719372870513,1719372873670,1719372876826,1719372880022,1719372883166,1719372886342,1719372889465,1719372892711,1719372895874,1719372899038,1719372902179,1719372905332,1719372908461,1719372911614,1719372914758,1719372917914,1719372921085,1719372924199,1719372927380,1719372930546,1719372933690,1719372936860,1719372940042,1719372943194,1719372946364,1719372949602,1719372952762,1719372955923,1719372959021,1719372962134,1719372965492,1719372968658,1719372971800,1719372974965,1719372978356,1719372981513,1719372984653,1719372987818,1719372990979,1719372994120,1719372997271,1719373000383,1719373003576,1719373006697,1719373009863,1719373012992,1719373016149,1719373019306,1719373022442,1719373025571,1719373028735,1719373031894,1719373035059,1719373038222,1719373041388,1719373044507,1719373047680,1719373050800,1719373053959,1719373057117,1719373060261,1719373063390,1719373066780,1719373069909,1719373073039,1719373076165,1719373079315,1719373082452,1719373085595,1719373088739,1719373091949,1719373095065,1719373098200,1719373101314,1719373104463,1719373107632,1719373110794,1719373113910,1719373117065,1719373120327,1719373123477
================================================================================

================================================================================
Leg 13, Granule 3: No images found for 23 ACQ IDs
Granule time range: 2024-09-06 22:25:53 to 2024-09-06 22:27:10
Missing CFC capture IDs (from ACQ IDs):
1719373126646,1719373129773,1719373132884,1719373136017,1719373139158,1719373142298,1719373145437,1719373148598,1719373151758,1719373154897,1719373158031,1719373161165,1719373164545,1719373167680,1719373170840,1719373174018,1719373177147,1719373180301,1719373183434,1719373186598,1719373189748,1719373192900,1719373196033
================================================================================

================================================================================
Leg 14, Granule 1: No images found for 94 ACQ IDs
Granule time range: 2024-09-06 22:30:52 to 2024-09-06 22:35:52
Missing CFC capture IDs (from ACQ IDs):
1719373425226,1719373428433,1719373431677,1719373434859,1719373438014,1719373441188,1719373444394,1719373447573,1719373450749,1719373453941,1719373457181,1719373460338,1719373463585,1719373466755,1719373470216,1719373473425,1719373476618,1719373479803,1719373482983,1719373486161,1719373489341,1719373492546,1719373495747,1719373498930,1719373502121,1719373505281,1719373508516,1719373511691,1719373514880,1719373518086,1719373521301,1719373524483,1719373527654,1719373530915,1719373534106,1719373537286,1719373540489,1719373543669,1719373546822,1719373549979,1719373553207,1719373556374,1719373559565,1719373562756,1719373566144,1719373569317,1719373572575,1719373575766,1719373578958,1719373582218,1719373585412,1719373588637,1719373591830,1719373595027,1719373598246,1719373601445,1719373604613,1719373607768,1719373610995,1719373614209,1719373617399,1719373620585,1719373623803,1719373626998,1719373630168,1719373633389,1719373636602,1719373639787,1719373642981,1719373646173,1719373649431,1719373652593,1719373655810,1719373659196,1719373662347,1719373665547,1719373668706,1719373671929,1719373675164,1719373678382,1719373681596,1719373684812,1719373688003,1719373691140,1719373694281,1719373697448,1719373700609,1719373703745,1719373706888,1719373710061,1719373713238,1719373716402,1719373719530,1719373722681
================================================================================

================================================================================
Leg 14, Granule 2: No images found for 44 ACQ IDs
Granule time range: 2024-09-06 22:35:52 to 2024-09-06 22:38:15
Missing CFC capture IDs (from ACQ IDs):
1719373725823,1719373728963,1719373732152,1719373735313,1719373738474,1719373741622,1719373744766,1719373748162,1719373751317,1719373754493,1719373757650,1719373760782,1719373763921,1719373767091,1719373770219,1719373773404,1719373776570,1719373779738,1719373782880,1719373786050,1719373789242,1719373792387,1719373795543,1719373798665,1719373801834,1719373804972,1719373808135,1719373811329,1719373814473,1719373817635,1719373820794,1719373823965,1719373827085,1719373830266,1719373833601,1719373836759,1719373839913,1719373843097,1719373846282,1719373849434,1719373852552,1719373855730,1719373858864,1719373862018
================================================================================

================================================================================
Leg 12, Granule 2: No images found for 96 ACQ IDs
Granule time range: 2024-09-06 21:51:13 to 2024-09-06 21:56:13
Missing CFC capture IDs (from ACQ IDs):
1719371048093,1719371051238,1719371054382,1719371057547,1719371060645,1719371063777,1719371066915,1719371070062,1719371073176,1719371076260,1719371079339,1719371082456,1719371085575,1719371088701,1719371091830,1719371094952,1719371098070,1719371101217,1719371104322,1719371107444,1719371110553,1719371113767,1719371116889,1719371119995,1719371123098,1719371126197,1719371129322,1719371132454,1719371135601,1719371138703,1719371141806,1719371145016,1719371148093,1719371151198,1719371154290,1719371157607,1719371160679,1719371163789,1719371166886,1719371169968,1719371173053,1719371176270,1719371179355,1719371182465,1719371185622,1719371188738,1719371191862,1719371194995,1719371198154,1719371201290,1719371204452,1719371207545,1719371210696,1719371213817,1719371216911,1719371220012,1719371223163,1719371226289,1719371229398,1719371232491,1719371235660,1719371238778,1719371241879,1719371245024,1719371248125,1719371251272,1719371254397,1719371257500,1719371260599,1719371263950,1719371267033,1719371270154,1719371273288,1719371276383,1719371279461,1719371282604,1719371285744,1719371288852,1719371291972,1719371295097,1719371298209,1719371301356,1719371304473,1719371307589,1719371310751,1719371313897,1719371317051,1719371320182,1719371323313,1719371326405,1719371329536,1719371332639,1719371335769,1719371338885,1719371341979,1719371345102
================================================================================

================================================================================
Leg 12, Granule 3: No images found for 97 ACQ IDs
Granule time range: 2024-09-06 21:56:13 to 2024-09-06 22:01:13
Missing CFC capture IDs (from ACQ IDs):
1719371345102,1719371348233,1719371351324,1719371354412,1719371357506,1719371360597,1719371363720,1719371367072,1719371370197,1719371373270,1719371376369,1719371379458,1719371382553,1719371385661,1719371388745,1719371391848,1719371394950,1719371398090,1719371401184,1719371404277,1719371407361,1719371410473,1719371413595,1719371416724,1719371419836,1719371422949,1719371426093,1719371429217,1719371432338,1719371435479,1719371438613,1719371441744,1719371444873,1719371448038,1719371451136,1719371454214,1719371457315,1719371460431,1719371463556,1719371466674,1719371469938,1719371473117,1719371476198,1719371479297,1719371482398,1719371485477,1719371488569,1719371491674,1719371494785,1719371497962,1719371501069,1719371504153,1719371507270,1719371510389,1719371513500,1719371516633,1719371519732,1719371522934,1719371526043,1719371529159,1719371532273,1719371535422,1719371538557,1719371541657,1719371544814,1719371547949,1719371551092,1719371554458,1719371557545,1719371560649,1719371563748,1719371566906,1719371570041,1719371573204,1719371576521,1719371579622,1719371582755,1719371585877,1719371589039,1719371592170,1719371595271,1719371598446,1719371601584,1719371604721,1719371607855,1719371611006,1719371614156,1719371617324,1719371620431,1719371623534,1719371626698,1719371629802,1719371632904,1719371636012,1719371639112,1719371642257,1719371645401
================================================================================

================================================================================
Leg 12, Granule 4: No images found for 96 ACQ IDs
Granule time range: 2024-09-06 22:01:13 to 2024-09-06 22:06:13
Missing CFC capture IDs (from ACQ IDs):
1719371645401,1719371648565,1719371651704,1719371654842,1719371658181,1719371661302,1719371664426,1719371667549,1719371670694,1719371673845,1719371677016,1719371680321,1719371683433,1719371686554,1719371689700,1719371692817,1719371695938,1719371699088,1719371702512,1719371705650,1719371708809,1719371711917,1719371715022,1719371718155,1719371721286,1719371724392,1719371727507,1719371730640,1719371733780,1719371736919,1719371740018,1719371743137,1719371746291,1719371749416,1719371752516,1719371755643,1719371758805,1719371761916,1719371765063,1719371768188,1719371771354,1719371774490,1719371777630,1719371780753,1719371784163,1719371787306,1719371790438,1719371793556,1719371796686,1719371799828,1719371802986,1719371806125,1719371809274,1719371812424,1719371815600,1719371818724,1719371821857,1719371825066,1719371828193,1719371831318,1719371834451,1719371837619,1719371840761,1719371843894,1719371847105,1719371850246,1719371853393,1719371856549,1719371859770,1719371862877,1719371865985,1719371869145,1719371872269,1719371875420,1719371878590,1719371881767,1719371884896,1719371888267,1719371891360,1719371894444,1719371897545,1719371900690,1719371903808,1719371906955,1719371910100,1719371913244,1719371916406,1719371919718,1719371922843,1719371926010,1719371929154,1719371932283,1719371935418,1719371938547,1719371941689,1719371944849
================================================================================

================================================================================
Leg 12, Granule 5: No images found for 95 ACQ IDs
Granule time range: 2024-09-06 22:06:13 to 2024-09-06 22:11:13
Missing CFC capture IDs (from ACQ IDs):
1719371947985,1719371951129,1719371954292,1719371957437,1719371960600,1719371963698,1719371966803,1719371969958,1719371973110,1719371976259,1719371979413,1719371982533,1719371985695,1719371988830,1719371991985,1719371995339,1719371998497,1719372001635,1719372004798,1719372007934,1719372011097,1719372014236,1719372017416,1719372020549,1719372023681,1719372026843,1719372030094,1719372033233,1719372036374,1719372039500,1719372042625,1719372045783,1719372048947,1719372052081,1719372055245,1719372058349,1719372061458,1719372064625,1719372067777,1719372070889,1719372073980,1719372077110,1719372080238,1719372083390,1719372086557,1719372089696,1719372092850,1719372096003,1719372099319,1719372102412,1719372105545,1719372108682,1719372111796,1719372114896,1719372118118,1719372121267,1719372124440,1719372127550,1719372130708,1719372133865,1719372136993,1719372140158,1719372143316,1719372146463,1719372149590,1719372152730,1719372155895,1719372159002,1719372162156,1719372165292,1719372168429,1719372171554,1719372174729,1719372177867,1719372180982,1719372184090,1719372187273,1719372190382,1719372193569,1719372196698,1719372199845,1719372203265,1719372206396,1719372209549,1719372212673,1719372215809,1719372218948,1719372222065,1719372225175,1719372228365,1719372231506,1719372234644,1719372237756,1719372240894,1719372244025
================================================================================

================================================================================
Leg 12, Granule 6: No images found for 5 ACQ IDs
Granule time range: 2024-09-06 22:11:13 to 2024-09-06 22:11:33
Missing CFC capture IDs (from ACQ IDs):
1719372247148,1719372250294,1719372253431,1719372256545,1719372259686
================================================================================

================================================================================
Leg 13, Granule 1: No images found for 95 ACQ IDs
Granule time range: 2024-09-06 22:15:53 to 2024-09-06 22:20:53
Missing CFC capture IDs (from ACQ IDs):
1719372525567,1719372528730,1719372531914,1719372535109,1719372538309,1719372541488,1719372544642,1719372547966,1719372551130,1719372554307,1719372557465,1719372560640,1719372563926,1719372567282,1719372570514,1719372573642,1719372576815,1719372579982,1719372583202,1719372586396,1719372589576,1719372592731,1719372595977,1719372599133,1719372602342,1719372605533,1719372608684,1719372611872,1719372615000,1719372618176,1719372621358,1719372624531,1719372627693,1719372630868,1719372634021,1719372637168,1719372640349,1719372643505,1719372646633,1719372649820,1719372653297,1719372656480,1719372659628,1719372662817,1719372665993,1719372669176,1719372672348,1719372675554,1719372678738,1719372681846,1719372685036,1719372688251,1719372691440,1719372694671,1719372697846,1719372701041,1719372704247,1719372707448,1719372710645,1719372713854,1719372717058,1719372720259,1719372723469,1719372726673,1719372729887,1719372733072,1719372736281,1719372739495,1719372742651,1719372745818,1719372748995,1719372752161,1719372755595,1719372758784,1719372761990,1719372765207,1719372768387,1719372771582,1719372774769,1719372777954,1719372781144,1719372784345,1719372787578,1719372790769,1719372793931,1719372797139,1719372800353,1719372803556,1719372806746,1719372809931,1719372813144,1719372816355,1719372819569,1719372822765,1719372825971
================================================================================

================================================================================
Leg 13, Granule 2: No images found for 95 ACQ IDs
Granule time range: 2024-09-06 22:20:53 to 2024-09-06 22:25:53
Missing CFC capture IDs (from ACQ IDs):
1719372825971,1719372829174,1719372832353,1719372835492,1719372838796,1719372841952,1719372845146,1719372848305,1719372851446,1719372854584,1719372857736,1719372861067,1719372864235,1719372867369,1719372870513,1719372873670,1719372876826,1719372880022,1719372883166,1719372886342,1719372889465,1719372892711,1719372895874,1719372899038,1719372902179,1719372905332,1719372908461,1719372911614,1719372914758,1719372917914,1719372921085,1719372924199,1719372927380,1719372930546,1719372933690,1719372936860,1719372940042,1719372943194,1719372946364,1719372949602,1719372952762,1719372955923,1719372959021,1719372962134,1719372965492,1719372968658,1719372971800,1719372974965,1719372978356,1719372981513,1719372984653,1719372987818,1719372990979,1719372994120,1719372997271,1719373000383,1719373003576,1719373006697,1719373009863,1719373012992,1719373016149,1719373019306,1719373022442,1719373025571,1719373028735,1719373031894,1719373035059,1719373038222,1719373041388,1719373044507,1719373047680,1719373050800,1719373053959,1719373057117,1719373060261,1719373063390,1719373066780,1719373069909,1719373073039,1719373076165,1719373079315,1719373082452,1719373085595,1719373088739,1719373091949,1719373095065,1719373098200,1719373101314,1719373104463,1719373107632,1719373110794,1719373113910,1719373117065,1719373120327,1719373123477
================================================================================

================================================================================
Leg 13, Granule 3: No images found for 23 ACQ IDs
Granule time range: 2024-09-06 22:25:53 to 2024-09-06 22:27:10
Missing CFC capture IDs (from ACQ IDs):
1719373126646,1719373129773,1719373132884,1719373136017,1719373139158,1719373142298,1719373145437,1719373148598,1719373151758,1719373154897,1719373158031,1719373161165,1719373164545,1719373167680,1719373170840,1719373174018,1719373177147,1719373180301,1719373183434,1719373186598,1719373189748,1719373192900,1719373196033
================================================================================

================================================================================
Leg 14, Granule 1: No images found for 94 ACQ IDs
Granule time range: 2024-09-06 22:30:52 to 2024-09-06 22:35:52
Missing CFC capture IDs (from ACQ IDs):
1719373425226,1719373428433,1719373431677,1719373434859,1719373438014,1719373441188,1719373444394,1719373447573,1719373450749,1719373453941,1719373457181,1719373460338,1719373463585,1719373466755,1719373470216,1719373473425,1719373476618,1719373479803,1719373482983,1719373486161,1719373489341,1719373492546,1719373495747,1719373498930,1719373502121,1719373505281,1719373508516,1719373511691,1719373514880,1719373518086,1719373521301,1719373524483,1719373527654,1719373530915,1719373534106,1719373537286,1719373540489,1719373543669,1719373546822,1719373549979,1719373553207,1719373556374,1719373559565,1719373562756,1719373566144,1719373569317,1719373572575,1719373575766,1719373578958,1719373582218,1719373585412,1719373588637,1719373591830,1719373595027,1719373598246,1719373601445,1719373604613,1719373607768,1719373610995,1719373614209,1719373617399,1719373620585,1719373623803,1719373626998,1719373630168,1719373633389,1719373636602,1719373639787,1719373642981,1719373646173,1719373649431,1719373652593,1719373655810,1719373659196,1719373662347,1719373665547,1719373668706,1719373671929,1719373675164,1719373678382,1719373681596,1719373684812,1719373688003,1719373691140,1719373694281,1719373697448,1719373700609,1719373703745,1719373706888,1719373710061,1719373713238,1719373716402,1719373719530,1719373722681
================================================================================

================================================================================
Leg 14, Granule 2: No images found for 44 ACQ IDs
Granule time range: 2024-09-06 22:35:52 to 2024-09-06 22:38:15
Missing CFC capture IDs (from ACQ IDs):
1719373725823,1719373728963,1719373732152,1719373735313,1719373738474,1719373741622,1719373744766,1719373748162,1719373751317,1719373754493,1719373757650,1719373760782,1719373763921,1719373767091,1719373770219,1719373773404,1719373776570,1719373779738,1719373782880,1719373786050,1719373789242,1719373792387,1719373795543,1719373798665,1719373801834,1719373804972,1719373808135,1719373811329,1719373814473,1719373817635,1719373820794,1719373823965,1719373827085,1719373830266,1719373833601,1719373836759,1719373839913,1719373843097,1719373846282,1719373849434,1719373852552,1719373855730,1719373858864,1719373862018
================================================================================

================================================================================
Leg 12, Granule 2: No images found for 96 ACQ IDs
Granule time range: 2024-09-06 21:51:13 to 2024-09-06 21:56:13
Missing CFC capture IDs (from ACQ IDs):
1719371048093,1719371051238,1719371054382,1719371057547,1719371060645,1719371063777,1719371066915,1719371070062,1719371073176,1719371076260,1719371079339,1719371082456,1719371085575,1719371088701,1719371091830,1719371094952,1719371098070,1719371101217,1719371104322,1719371107444,1719371110553,1719371113767,1719371116889,1719371119995,1719371123098,1719371126197,1719371129322,1719371132454,1719371135601,1719371138703,1719371141806,1719371145016,1719371148093,1719371151198,1719371154290,1719371157607,1719371160679,1719371163789,1719371166886,1719371169968,1719371173053,1719371176270,1719371179355,1719371182465,1719371185622,1719371188738,1719371191862,1719371194995,1719371198154,1719371201290,1719371204452,1719371207545,1719371210696,1719371213817,1719371216911,1719371220012,1719371223163,1719371226289,1719371229398,1719371232491,1719371235660,1719371238778,1719371241879,1719371245024,1719371248125,1719371251272,1719371254397,1719371257500,1719371260599,1719371263950,1719371267033,1719371270154,1719371273288,1719371276383,1719371279461,1719371282604,1719371285744,1719371288852,1719371291972,1719371295097,1719371298209,1719371301356,1719371304473,1719371307589,1719371310751,1719371313897,1719371317051,1719371320182,1719371323313,1719371326405,1719371329536,1719371332639,1719371335769,1719371338885,1719371341979,1719371345102
================================================================================

================================================================================
Leg 12, Granule 3: No images found for 97 ACQ IDs
Granule time range: 2024-09-06 21:56:13 to 2024-09-06 22:01:13
Missing CFC capture IDs (from ACQ IDs):
1719371345102,1719371348233,1719371351324,1719371354412,1719371357506,1719371360597,1719371363720,1719371367072,1719371370197,1719371373270,1719371376369,1719371379458,1719371382553,1719371385661,1719371388745,1719371391848,1719371394950,1719371398090,1719371401184,1719371404277,1719371407361,1719371410473,1719371413595,1719371416724,1719371419836,1719371422949,1719371426093,1719371429217,1719371432338,1719371435479,1719371438613,1719371441744,1719371444873,1719371448038,1719371451136,1719371454214,1719371457315,1719371460431,1719371463556,1719371466674,1719371469938,1719371473117,1719371476198,1719371479297,1719371482398,1719371485477,1719371488569,1719371491674,1719371494785,1719371497962,1719371501069,1719371504153,1719371507270,1719371510389,1719371513500,1719371516633,1719371519732,1719371522934,1719371526043,1719371529159,1719371532273,1719371535422,1719371538557,1719371541657,1719371544814,1719371547949,1719371551092,1719371554458,1719371557545,1719371560649,1719371563748,1719371566906,1719371570041,1719371573204,1719371576521,1719371579622,1719371582755,1719371585877,1719371589039,1719371592170,1719371595271,1719371598446,1719371601584,1719371604721,1719371607855,1719371611006,1719371614156,1719371617324,1719371620431,1719371623534,1719371626698,1719371629802,1719371632904,1719371636012,1719371639112,1719371642257,1719371645401
================================================================================

================================================================================
Leg 12, Granule 4: No images found for 96 ACQ IDs
Granule time range: 2024-09-06 22:01:13 to 2024-09-06 22:06:13
Missing CFC capture IDs (from ACQ IDs):
1719371645401,1719371648565,1719371651704,1719371654842,1719371658181,1719371661302,1719371664426,1719371667549,1719371670694,1719371673845,1719371677016,1719371680321,1719371683433,1719371686554,1719371689700,1719371692817,1719371695938,1719371699088,1719371702512,1719371705650,1719371708809,1719371711917,1719371715022,1719371718155,1719371721286,1719371724392,1719371727507,1719371730640,1719371733780,1719371736919,1719371740018,1719371743137,1719371746291,1719371749416,1719371752516,1719371755643,1719371758805,1719371761916,1719371765063,1719371768188,1719371771354,1719371774490,1719371777630,1719371780753,1719371784163,1719371787306,1719371790438,1719371793556,1719371796686,1719371799828,1719371802986,1719371806125,1719371809274,1719371812424,1719371815600,1719371818724,1719371821857,1719371825066,1719371828193,1719371831318,1719371834451,1719371837619,1719371840761,1719371843894,1719371847105,1719371850246,1719371853393,1719371856549,1719371859770,1719371862877,1719371865985,1719371869145,1719371872269,1719371875420,1719371878590,1719371881767,1719371884896,1719371888267,1719371891360,1719371894444,1719371897545,1719371900690,1719371903808,1719371906955,1719371910100,1719371913244,1719371916406,1719371919718,1719371922843,1719371926010,1719371929154,1719371932283,1719371935418,1719371938547,1719371941689,1719371944849
================================================================================

================================================================================
Leg 12, Granule 5: No images found for 95 ACQ IDs
Granule time range: 2024-09-06 22:06:13 to 2024-09-06 22:11:13
Missing CFC capture IDs (from ACQ IDs):
1719371947985,1719371951129,1719371954292,1719371957437,1719371960600,1719371963698,1719371966803,1719371969958,1719371973110,1719371976259,1719371979413,1719371982533,1719371985695,1719371988830,1719371991985,1719371995339,1719371998497,1719372001635,1719372004798,1719372007934,1719372011097,1719372014236,1719372017416,1719372020549,1719372023681,1719372026843,1719372030094,1719372033233,1719372036374,1719372039500,1719372042625,1719372045783,1719372048947,1719372052081,1719372055245,1719372058349,1719372061458,1719372064625,1719372067777,1719372070889,1719372073980,1719372077110,1719372080238,1719372083390,1719372086557,1719372089696,1719372092850,1719372096003,1719372099319,1719372102412,1719372105545,1719372108682,1719372111796,1719372114896,1719372118118,1719372121267,1719372124440,1719372127550,1719372130708,1719372133865,1719372136993,1719372140158,1719372143316,1719372146463,1719372149590,1719372152730,1719372155895,1719372159002,1719372162156,1719372165292,1719372168429,1719372171554,1719372174729,1719372177867,1719372180982,1719372184090,1719372187273,1719372190382,1719372193569,1719372196698,1719372199845,1719372203265,1719372206396,1719372209549,1719372212673,1719372215809,1719372218948,1719372222065,1719372225175,1719372228365,1719372231506,1719372234644,1719372237756,1719372240894,1719372244025
================================================================================

================================================================================
Leg 12, Granule 6: No images found for 5 ACQ IDs
Granule time range: 2024-09-06 22:11:13 to 2024-09-06 22:11:33
Missing CFC capture IDs (from ACQ IDs):
1719372247148,1719372250294,1719372253431,1719372256545,1719372259686
================================================================================

================================================================================
Leg 13, Granule 1: No images found for 95 ACQ IDs
Granule time range: 2024-09-06 22:15:53 to 2024-09-06 22:20:53
Missing CFC capture IDs (from ACQ IDs):
1719372525567,1719372528730,1719372531914,1719372535109,1719372538309,1719372541488,1719372544642,1719372547966,1719372551130,1719372554307,1719372557465,1719372560640,1719372563926,1719372567282,1719372570514,1719372573642,1719372576815,1719372579982,1719372583202,1719372586396,1719372589576,1719372592731,1719372595977,1719372599133,1719372602342,1719372605533,1719372608684,1719372611872,1719372615000,1719372618176,1719372621358,1719372624531,1719372627693,1719372630868,1719372634021,1719372637168,1719372640349,1719372643505,1719372646633,1719372649820,1719372653297,1719372656480,1719372659628,1719372662817,1719372665993,1719372669176,1719372672348,1719372675554,1719372678738,1719372681846,1719372685036,1719372688251,1719372691440,1719372694671,1719372697846,1719372701041,1719372704247,1719372707448,1719372710645,1719372713854,1719372717058,1719372720259,1719372723469,1719372726673,1719372729887,1719372733072,1719372736281,1719372739495,1719372742651,1719372745818,1719372748995,1719372752161,1719372755595,1719372758784,1719372761990,1719372765207,1719372768387,1719372771582,1719372774769,1719372777954,1719372781144,1719372784345,1719372787578,1719372790769,1719372793931,1719372797139,1719372800353,1719372803556,1719372806746,1719372809931,1719372813144,1719372816355,1719372819569,1719372822765,1719372825971
================================================================================

================================================================================
Leg 13, Granule 2: No images found for 95 ACQ IDs
Granule time range: 2024-09-06 22:20:53 to 2024-09-06 22:25:53
Missing CFC capture IDs (from ACQ IDs):
1719372825971,1719372829174,1719372832353,1719372835492,1719372838796,1719372841952,1719372845146,1719372848305,1719372851446,1719372854584,1719372857736,1719372861067,1719372864235,1719372867369,1719372870513,1719372873670,1719372876826,1719372880022,1719372883166,1719372886342,1719372889465,1719372892711,1719372895874,1719372899038,1719372902179,1719372905332,1719372908461,1719372911614,1719372914758,1719372917914,1719372921085,1719372924199,1719372927380,1719372930546,1719372933690,1719372936860,1719372940042,1719372943194,1719372946364,1719372949602,1719372952762,1719372955923,1719372959021,1719372962134,1719372965492,1719372968658,1719372971800,1719372974965,1719372978356,1719372981513,1719372984653,1719372987818,1719372990979,1719372994120,1719372997271,1719373000383,1719373003576,1719373006697,1719373009863,1719373012992,1719373016149,1719373019306,1719373022442,1719373025571,1719373028735,1719373031894,1719373035059,1719373038222,1719373041388,1719373044507,1719373047680,1719373050800,1719373053959,1719373057117,1719373060261,1719373063390,1719373066780,1719373069909,1719373073039,1719373076165,1719373079315,1719373082452,1719373085595,1719373088739,1719373091949,1719373095065,1719373098200,1719373101314,1719373104463,1719373107632,1719373110794,1719373113910,1719373117065,1719373120327,1719373123477
================================================================================

================================================================================
Leg 13, Granule 3: No images found for 23 ACQ IDs
Granule time range: 2024-09-06 22:25:53 to 2024-09-06 22:27:10
Missing CFC capture IDs (from ACQ IDs):
1719373126646,1719373129773,1719373132884,1719373136017,1719373139158,1719373142298,1719373145437,1719373148598,1719373151758,1719373154897,1719373158031,1719373161165,1719373164545,1719373167680,1719373170840,1719373174018,1719373177147,1719373180301,1719373183434,1719373186598,1719373189748,1719373192900,1719373196033
================================================================================

================================================================================
Leg 14, Granule 1: No images found for 94 ACQ IDs
Granule time range: 2024-09-06 22:30:52 to 2024-09-06 22:35:52
Missing CFC capture IDs (from ACQ IDs):
1719373425226,1719373428433,1719373431677,1719373434859,1719373438014,1719373441188,1719373444394,1719373447573,1719373450749,1719373453941,1719373457181,1719373460338,1719373463585,1719373466755,1719373470216,1719373473425,1719373476618,1719373479803,1719373482983,1719373486161,1719373489341,1719373492546,1719373495747,1719373498930,1719373502121,1719373505281,1719373508516,1719373511691,1719373514880,1719373518086,1719373521301,1719373524483,1719373527654,1719373530915,1719373534106,1719373537286,1719373540489,1719373543669,1719373546822,1719373549979,1719373553207,1719373556374,1719373559565,1719373562756,1719373566144,1719373569317,1719373572575,1719373575766,1719373578958,1719373582218,1719373585412,1719373588637,1719373591830,1719373595027,1719373598246,1719373601445,1719373604613,1719373607768,1719373610995,1719373614209,1719373617399,1719373620585,1719373623803,1719373626998,1719373630168,1719373633389,1719373636602,1719373639787,1719373642981,1719373646173,1719373649431,1719373652593,1719373655810,1719373659196,1719373662347,1719373665547,1719373668706,1719373671929,1719373675164,1719373678382,1719373681596,1719373684812,1719373688003,1719373691140,1719373694281,1719373697448,1719373700609,1719373703745,1719373706888,1719373710061,1719373713238,1719373716402,1719373719530,1719373722681
================================================================================

================================================================================
Leg 14, Granule 2: No images found for 44 ACQ IDs
Granule time range: 2024-09-06 22:35:52 to 2024-09-06 22:38:15
Missing CFC capture IDs (from ACQ IDs):
1719373725823,1719373728963,1719373732152,1719373735313,1719373738474,1719373741622,1719373744766,1719373748162,1719373751317,1719373754493,1719373757650,1719373760782,1719373763921,1719373767091,1719373770219,1719373773404,1719373776570,1719373779738,1719373782880,1719373786050,1719373789242,1719373792387,1719373795543,1719373798665,1719373801834,1719373804972,1719373808135,1719373811329,1719373814473,1719373817635,1719373820794,1719373823965,1719373827085,1719373830266,1719373833601,1719373836759,1719373839913,1719373843097,1719373846282,1719373849434,1719373852552,1719373855730,1719373858864,1719373862018
================================================================================

================================================================================
Leg 12, Granule 2: No images found for 96 ACQ IDs
Granule time range: 2024-09-06 21:51:13 to 2024-09-06 21:56:13
Missing CFC capture IDs (from ACQ IDs):
1719371048093,1719371051238,1719371054382,1719371057547,1719371060645,1719371063777,1719371066915,1719371070062,1719371073176,1719371076260,1719371079339,1719371082456,1719371085575,1719371088701,1719371091830,1719371094952,1719371098070,1719371101217,1719371104322,1719371107444,1719371110553,1719371113767,1719371116889,1719371119995,1719371123098,1719371126197,1719371129322,1719371132454,1719371135601,1719371138703,1719371141806,1719371145016,1719371148093,1719371151198,1719371154290,1719371157607,1719371160679,1719371163789,1719371166886,1719371169968,1719371173053,1719371176270,1719371179355,1719371182465,1719371185622,1719371188738,1719371191862,1719371194995,1719371198154,1719371201290,1719371204452,1719371207545,1719371210696,1719371213817,1719371216911,1719371220012,1719371223163,1719371226289,1719371229398,1719371232491,1719371235660,1719371238778,1719371241879,1719371245024,1719371248125,1719371251272,1719371254397,1719371257500,1719371260599,1719371263950,1719371267033,1719371270154,1719371273288,1719371276383,1719371279461,1719371282604,1719371285744,1719371288852,1719371291972,1719371295097,1719371298209,1719371301356,1719371304473,1719371307589,1719371310751,1719371313897,1719371317051,1719371320182,1719371323313,1719371326405,1719371329536,1719371332639,1719371335769,1719371338885,1719371341979,1719371345102
================================================================================

================================================================================
Leg 12, Granule 3: No images found for 97 ACQ IDs
Granule time range: 2024-09-06 21:56:13 to 2024-09-06 22:01:13
Missing CFC capture IDs (from ACQ IDs):
1719371345102,1719371348233,1719371351324,1719371354412,1719371357506,1719371360597,1719371363720,1719371367072,1719371370197,1719371373270,1719371376369,1719371379458,1719371382553,1719371385661,1719371388745,1719371391848,1719371394950,1719371398090,1719371401184,1719371404277,1719371407361,1719371410473,1719371413595,1719371416724,1719371419836,1719371422949,1719371426093,1719371429217,1719371432338,1719371435479,1719371438613,1719371441744,1719371444873,1719371448038,1719371451136,1719371454214,1719371457315,1719371460431,1719371463556,1719371466674,1719371469938,1719371473117,1719371476198,1719371479297,1719371482398,1719371485477,1719371488569,1719371491674,1719371494785,1719371497962,1719371501069,1719371504153,1719371507270,1719371510389,1719371513500,1719371516633,1719371519732,1719371522934,1719371526043,1719371529159,1719371532273,1719371535422,1719371538557,1719371541657,1719371544814,1719371547949,1719371551092,1719371554458,1719371557545,1719371560649,1719371563748,1719371566906,1719371570041,1719371573204,1719371576521,1719371579622,1719371582755,1719371585877,1719371589039,1719371592170,1719371595271,1719371598446,1719371601584,1719371604721,1719371607855,1719371611006,1719371614156,1719371617324,1719371620431,1719371623534,1719371626698,1719371629802,1719371632904,1719371636012,1719371639112,1719371642257,1719371645401
================================================================================

================================================================================
Leg 12, Granule 4: No images found for 96 ACQ IDs
Granule time range: 2024-09-06 22:01:13 to 2024-09-06 22:06:13
Missing CFC capture IDs (from ACQ IDs):
1719371645401,1719371648565,1719371651704,1719371654842,1719371658181,1719371661302,1719371664426,1719371667549,1719371670694,1719371673845,1719371677016,1719371680321,1719371683433,1719371686554,1719371689700,1719371692817,1719371695938,1719371699088,1719371702512,1719371705650,1719371708809,1719371711917,1719371715022,1719371718155,1719371721286,1719371724392,1719371727507,1719371730640,1719371733780,1719371736919,1719371740018,1719371743137,1719371746291,1719371749416,1719371752516,1719371755643,1719371758805,1719371761916,1719371765063,1719371768188,1719371771354,1719371774490,1719371777630,1719371780753,1719371784163,1719371787306,1719371790438,1719371793556,1719371796686,1719371799828,1719371802986,1719371806125,1719371809274,1719371812424,1719371815600,1719371818724,1719371821857,1719371825066,1719371828193,1719371831318,1719371834451,1719371837619,1719371840761,1719371843894,1719371847105,1719371850246,1719371853393,1719371856549,1719371859770,1719371862877,1719371865985,1719371869145,1719371872269,1719371875420,1719371878590,1719371881767,1719371884896,1719371888267,1719371891360,1719371894444,1719371897545,1719371900690,1719371903808,1719371906955,1719371910100,1719371913244,1719371916406,1719371919718,1719371922843,1719371926010,1719371929154,1719371932283,1719371935418,1719371938547,1719371941689,1719371944849
================================================================================

================================================================================
Leg 12, Granule 5: No images found for 95 ACQ IDs
Granule time range: 2024-09-06 22:06:13 to 2024-09-06 22:11:13
Missing CFC capture IDs (from ACQ IDs):
1719371947985,1719371951129,1719371954292,1719371957437,1719371960600,1719371963698,1719371966803,1719371969958,1719371973110,1719371976259,1719371979413,1719371982533,1719371985695,1719371988830,1719371991985,1719371995339,1719371998497,1719372001635,1719372004798,1719372007934,1719372011097,1719372014236,1719372017416,1719372020549,1719372023681,1719372026843,1719372030094,1719372033233,1719372036374,1719372039500,1719372042625,1719372045783,1719372048947,1719372052081,1719372055245,1719372058349,1719372061458,1719372064625,1719372067777,1719372070889,1719372073980,1719372077110,1719372080238,1719372083390,1719372086557,1719372089696,1719372092850,1719372096003,1719372099319,1719372102412,1719372105545,1719372108682,1719372111796,1719372114896,1719372118118,1719372121267,1719372124440,1719372127550,1719372130708,1719372133865,1719372136993,1719372140158,1719372143316,1719372146463,1719372149590,1719372152730,1719372155895,1719372159002,1719372162156,1719372165292,1719372168429,1719372171554,1719372174729,1719372177867,1719372180982,1719372184090,1719372187273,1719372190382,1719372193569,1719372196698,1719372199845,1719372203265,1719372206396,1719372209549,1719372212673,1719372215809,1719372218948,1719372222065,1719372225175,1719372228365,1719372231506,1719372234644,1719372237756,1719372240894,1719372244025
================================================================================

================================================================================
Leg 12, Granule 6: No images found for 5 ACQ IDs
Granule time range: 2024-09-06 22:11:13 to 2024-09-06 22:11:33
Missing CFC capture IDs (from ACQ IDs):
1719372247148,1719372250294,1719372253431,1719372256545,1719372259686
================================================================================

================================================================================
Leg 13, Granule 1: No images found for 95 ACQ IDs
Granule time range: 2024-09-06 22:15:53 to 2024-09-06 22:20:53
Missing CFC capture IDs (from ACQ IDs):
1719372525567,1719372528730,1719372531914,1719372535109,1719372538309,1719372541488,1719372544642,1719372547966,1719372551130,1719372554307,1719372557465,1719372560640,1719372563926,1719372567282,1719372570514,1719372573642,1719372576815,1719372579982,1719372583202,1719372586396,1719372589576,1719372592731,1719372595977,1719372599133,1719372602342,1719372605533,1719372608684,1719372611872,1719372615000,1719372618176,1719372621358,1719372624531,1719372627693,1719372630868,1719372634021,1719372637168,1719372640349,1719372643505,1719372646633,1719372649820,1719372653297,1719372656480,1719372659628,1719372662817,1719372665993,1719372669176,1719372672348,1719372675554,1719372678738,1719372681846,1719372685036,1719372688251,1719372691440,1719372694671,1719372697846,1719372701041,1719372704247,1719372707448,1719372710645,1719372713854,1719372717058,1719372720259,1719372723469,1719372726673,1719372729887,1719372733072,1719372736281,1719372739495,1719372742651,1719372745818,1719372748995,1719372752161,1719372755595,1719372758784,1719372761990,1719372765207,1719372768387,1719372771582,1719372774769,1719372777954,1719372781144,1719372784345,1719372787578,1719372790769,1719372793931,1719372797139,1719372800353,1719372803556,1719372806746,1719372809931,1719372813144,1719372816355,1719372819569,1719372822765,1719372825971
================================================================================

================================================================================
Leg 13, Granule 2: No images found for 95 ACQ IDs
Granule time range: 2024-09-06 22:20:53 to 2024-09-06 22:25:53
Missing CFC capture IDs (from ACQ IDs):
1719372825971,1719372829174,1719372832353,1719372835492,1719372838796,1719372841952,1719372845146,1719372848305,1719372851446,1719372854584,1719372857736,1719372861067,1719372864235,1719372867369,1719372870513,1719372873670,1719372876826,1719372880022,1719372883166,1719372886342,1719372889465,1719372892711,1719372895874,1719372899038,1719372902179,1719372905332,1719372908461,1719372911614,1719372914758,1719372917914,1719372921085,1719372924199,1719372927380,1719372930546,1719372933690,1719372936860,1719372940042,1719372943194,1719372946364,1719372949602,1719372952762,1719372955923,1719372959021,1719372962134,1719372965492,1719372968658,1719372971800,1719372974965,1719372978356,1719372981513,1719372984653,1719372987818,1719372990979,1719372994120,1719372997271,1719373000383,1719373003576,1719373006697,1719373009863,1719373012992,1719373016149,1719373019306,1719373022442,1719373025571,1719373028735,1719373031894,1719373035059,1719373038222,1719373041388,1719373044507,1719373047680,1719373050800,1719373053959,1719373057117,1719373060261,1719373063390,1719373066780,1719373069909,1719373073039,1719373076165,1719373079315,1719373082452,1719373085595,1719373088739,1719373091949,1719373095065,1719373098200,1719373101314,1719373104463,1719373107632,1719373110794,1719373113910,1719373117065,1719373120327,1719373123477
================================================================================

================================================================================
Leg 13, Granule 3: No images found for 23 ACQ IDs
Granule time range: 2024-09-06 22:25:53 to 2024-09-06 22:27:10
Missing CFC capture IDs (from ACQ IDs):
1719373126646,1719373129773,1719373132884,1719373136017,1719373139158,1719373142298,1719373145437,1719373148598,1719373151758,1719373154897,1719373158031,1719373161165,1719373164545,1719373167680,1719373170840,1719373174018,1719373177147,1719373180301,1719373183434,1719373186598,1719373189748,1719373192900,1719373196033
================================================================================

================================================================================
Leg 14, Granule 1: No images found for 94 ACQ IDs
Granule time range: 2024-09-06 22:30:52 to 2024-09-06 22:35:52
Missing CFC capture IDs (from ACQ IDs):
1719373425226,1719373428433,1719373431677,1719373434859,1719373438014,1719373441188,1719373444394,1719373447573,1719373450749,1719373453941,1719373457181,1719373460338,1719373463585,1719373466755,1719373470216,1719373473425,1719373476618,1719373479803,1719373482983,1719373486161,1719373489341,1719373492546,1719373495747,1719373498930,1719373502121,1719373505281,1719373508516,1719373511691,1719373514880,1719373518086,1719373521301,1719373524483,1719373527654,1719373530915,1719373534106,1719373537286,1719373540489,1719373543669,1719373546822,1719373549979,1719373553207,1719373556374,1719373559565,1719373562756,1719373566144,1719373569317,1719373572575,1719373575766,1719373578958,1719373582218,1719373585412,1719373588637,1719373591830,1719373595027,1719373598246,1719373601445,1719373604613,1719373607768,1719373610995,1719373614209,1719373617399,1719373620585,1719373623803,1719373626998,1719373630168,1719373633389,1719373636602,1719373639787,1719373642981,1719373646173,1719373649431,1719373652593,1719373655810,1719373659196,1719373662347,1719373665547,1719373668706,1719373671929,1719373675164,1719373678382,1719373681596,1719373684812,1719373688003,1719373691140,1719373694281,1719373697448,1719373700609,1719373703745,1719373706888,1719373710061,1719373713238,1719373716402,1719373719530,1719373722681
================================================================================

================================================================================
Leg 14, Granule 2: No images found for 44 ACQ IDs
Granule time range: 2024-09-06 22:35:52 to 2024-09-06 22:38:15
Missing CFC capture IDs (from ACQ IDs):
1719373725823,1719373728963,1719373732152,1719373735313,1719373738474,1719373741622,1719373744766,1719373748162,1719373751317,1719373754493,1719373757650,1719373760782,1719373763921,1719373767091,1719373770219,1719373773404,1719373776570,1719373779738,1719373782880,1719373786050,1719373789242,1719373792387,1719373795543,1719373798665,1719373801834,1719373804972,1719373808135,1719373811329,1719373814473,1719373817635,1719373820794,1719373823965,1719373827085,1719373830266,1719373833601,1719373836759,1719373839913,1719373843097,1719373846282,1719373849434,1719373852552,1719373855730,1719373858864,1719373862018
================================================================================

